  Game.cpp
D:\UNIOVI-EII\4-SEMESTRE 1\SEV\C++\SpaceDoom\SpaceDoom\SpaceDoom\Audio.h(6,10): warning C4067: símbolos (token) inesperados después de la directiva del preprocesador; se esperaba una nueva línea
D:\UNIOVI-EII\4-SEMESTRE 1\SEV\C++\SpaceDoom\SpaceDoom\SpaceDoom\Game.cpp(68,56): warning C4244: 'argumento': conversión de 'float' a 'int'; posible pérdida de datos
D:\UNIOVI-EII\4-SEMESTRE 1\SEV\C++\SpaceDoom\SpaceDoom\SpaceDoom\Game.cpp(68,35): warning C4244: 'argumento': conversión de 'float' a 'int'; posible pérdida de datos
  GameLayer.cpp
D:\UNIOVI-EII\4-SEMESTRE 1\SEV\C++\SpaceDoom\SpaceDoom\SpaceDoom\Audio.h(6,10): warning C4067: símbolos (token) inesperados después de la directiva del preprocesador; se esperaba una nueva línea
D:\UNIOVI-EII\4-SEMESTRE 1\SEV\C++\SpaceDoom\SpaceDoom\SpaceDoom\GameLayer.cpp(30,68): warning C4305: 'argumento': truncamiento de 'double' a 'float'
D:\UNIOVI-EII\4-SEMESTRE 1\SEV\C++\SpaceDoom\SpaceDoom\SpaceDoom\GameLayer.cpp(33,68): warning C4305: 'argumento': truncamiento de 'double' a 'float'
D:\UNIOVI-EII\4-SEMESTRE 1\SEV\C++\SpaceDoom\SpaceDoom\SpaceDoom\GameLayer.cpp(40,45): warning C4305: 'argumento': truncamiento de 'double' a 'float'
D:\UNIOVI-EII\4-SEMESTRE 1\SEV\C++\SpaceDoom\SpaceDoom\SpaceDoom\GameLayer.cpp(67,13): warning C4244: 'inicializando': conversión de 'int' a 'float'; posible pérdida de datos
D:\UNIOVI-EII\4-SEMESTRE 1\SEV\C++\SpaceDoom\SpaceDoom\SpaceDoom\GameLayer.cpp(68,13): warning C4244: 'inicializando': conversión de 'int' a 'float'; posible pérdida de datos
D:\UNIOVI-EII\4-SEMESTRE 1\SEV\C++\SpaceDoom\SpaceDoom\SpaceDoom\GameLayer.cpp(317,24): warning C4244: '=': conversión de 'double' a 'float'; posible pérdida de datos
D:\UNIOVI-EII\4-SEMESTRE 1\SEV\C++\SpaceDoom\SpaceDoom\SpaceDoom\GameLayer.cpp(324,24): warning C4244: '=': conversión de 'double' a 'float'; posible pérdida de datos
D:\UNIOVI-EII\4-SEMESTRE 1\SEV\C++\SpaceDoom\SpaceDoom\SpaceDoom\GameLayer.cpp(414,35): warning C4244: 'argumento': conversión de 'float' a 'int'; posible pérdida de datos
D:\UNIOVI-EII\4-SEMESTRE 1\SEV\C++\SpaceDoom\SpaceDoom\SpaceDoom\GameLayer.cpp(414,26): warning C4244: 'argumento': conversión de 'float' a 'int'; posible pérdida de datos
D:\UNIOVI-EII\4-SEMESTRE 1\SEV\C++\SpaceDoom\SpaceDoom\SpaceDoom\GameLayer.cpp(417,39): warning C4244: '=': conversión de 'float' a 'int'; posible pérdida de datos
D:\UNIOVI-EII\4-SEMESTRE 1\SEV\C++\SpaceDoom\SpaceDoom\SpaceDoom\GameLayer.cpp(419,43): warning C4244: 'argumento': conversión de 'float' a 'int'; posible pérdida de datos
D:\UNIOVI-EII\4-SEMESTRE 1\SEV\C++\SpaceDoom\SpaceDoom\SpaceDoom\GameLayer.cpp(419,34): warning C4244: 'argumento': conversión de 'float' a 'int'; posible pérdida de datos
D:\UNIOVI-EII\4-SEMESTRE 1\SEV\C++\SpaceDoom\SpaceDoom\SpaceDoom\GameLayer.cpp(422,42): warning C4244: 'argumento': conversión de 'float' a 'int'; posible pérdida de datos
D:\UNIOVI-EII\4-SEMESTRE 1\SEV\C++\SpaceDoom\SpaceDoom\SpaceDoom\GameLayer.cpp(422,33): warning C4244: 'argumento': conversión de 'float' a 'int'; posible pérdida de datos
D:\UNIOVI-EII\4-SEMESTRE 1\SEV\C++\SpaceDoom\SpaceDoom\SpaceDoom\GameLayer.cpp(429,51): warning C4244: 'argumento': conversión de 'float' a 'int'; posible pérdida de datos
D:\UNIOVI-EII\4-SEMESTRE 1\SEV\C++\SpaceDoom\SpaceDoom\SpaceDoom\GameLayer.cpp(429,42): warning C4244: 'argumento': conversión de 'float' a 'int'; posible pérdida de datos
D:\UNIOVI-EII\4-SEMESTRE 1\SEV\C++\SpaceDoom\SpaceDoom\SpaceDoom\GameLayer.cpp(430,39): warning C4244: '=': conversión de 'float' a 'int'; posible pérdida de datos
D:\UNIOVI-EII\4-SEMESTRE 1\SEV\C++\SpaceDoom\SpaceDoom\SpaceDoom\GameLayer.cpp(441,43): warning C4244: 'argumento': conversión de 'float' a 'int'; posible pérdida de datos
D:\UNIOVI-EII\4-SEMESTRE 1\SEV\C++\SpaceDoom\SpaceDoom\SpaceDoom\GameLayer.cpp(441,34): warning C4244: 'argumento': conversión de 'float' a 'int'; posible pérdida de datos
D:\UNIOVI-EII\4-SEMESTRE 1\SEV\C++\SpaceDoom\SpaceDoom\SpaceDoom\GameLayer.cpp(444,42): warning C4244: 'argumento': conversión de 'float' a 'int'; posible pérdida de datos
D:\UNIOVI-EII\4-SEMESTRE 1\SEV\C++\SpaceDoom\SpaceDoom\SpaceDoom\GameLayer.cpp(444,33): warning C4244: 'argumento': conversión de 'float' a 'int'; posible pérdida de datos
D:\UNIOVI-EII\4-SEMESTRE 1\SEV\C++\SpaceDoom\SpaceDoom\SpaceDoom\GameLayer.cpp(451,35): warning C4244: 'argumento': conversión de 'float' a 'int'; posible pérdida de datos
D:\UNIOVI-EII\4-SEMESTRE 1\SEV\C++\SpaceDoom\SpaceDoom\SpaceDoom\GameLayer.cpp(451,26): warning C4244: 'argumento': conversión de 'float' a 'int'; posible pérdida de datos
D:\UNIOVI-EII\4-SEMESTRE 1\SEV\C++\SpaceDoom\SpaceDoom\SpaceDoom\GameLayer.cpp(457,43): warning C4244: 'argumento': conversión de 'float' a 'int'; posible pérdida de datos
D:\UNIOVI-EII\4-SEMESTRE 1\SEV\C++\SpaceDoom\SpaceDoom\SpaceDoom\GameLayer.cpp(457,34): warning C4244: 'argumento': conversión de 'float' a 'int'; posible pérdida de datos
D:\UNIOVI-EII\4-SEMESTRE 1\SEV\C++\SpaceDoom\SpaceDoom\SpaceDoom\GameLayer.cpp(460,42): warning C4244: 'argumento': conversión de 'float' a 'int'; posible pérdida de datos
D:\UNIOVI-EII\4-SEMESTRE 1\SEV\C++\SpaceDoom\SpaceDoom\SpaceDoom\GameLayer.cpp(460,33): warning C4244: 'argumento': conversión de 'float' a 'int'; posible pérdida de datos
  Generando código...
  SpaceDoom.vcxproj -> D:\UNIOVI-EII\4-SEMESTRE 1\SEV\C++\SpaceDoom\SpaceDoom\Debug\SpaceDoom.exe
